process library exception handler crashed: /lib/tamamo/screen.lua:277: attempt to compare nil with number
process library exception handler crashed: /lib/tamamo/screen.lua:277: attempt to concatenate local 'color' (a nil value)
process library exception handler crashed: /lib/tamamo/screen.lua:51: attempt to compare nil with number
process library exception handler crashed: /lib/tamamo/screen.lua:277: attempt to call global 'getBackground' (a nil value)
process library exception handler crashed: /lib/tamamo/screen.lua:291: attempt to compare nil with number
process library exception handler crashed: /lib/tamamo/screen.lua:52: attempt to compare nil with number
process library exception handler crashed: /lib/tamamo/screen.lua:319: attempt to get length of local 'string' (a nil value)
process library exception handler crashed: /lib/tamamo/screen.lua:279: attempt to compare nil with number
process library exception handler crashed: /lib/tamamo/screen.lua:279: attempt to compare nil with number
process library exception handler crashed: error in error handling
process library exception handler crashed: error in error handling
process library exception handler crashed: error in error handling
process library exception handler crashed: invalid palette index
process library exception handler crashed: /lib/tamamo/screen.lua:210: table index is nil
process library exception handler crashed: /lib/tamamo/screen.lua:210: table index is nil
process library exception handler crashed: /lib/tamamo/screen.lua:210: table index is nil
process library exception handler crashed: /lib/tamamo/screen.lua:210: table index is nil
process library exception handler crashed: /lib/tamamo/screen.lua:210: table index is nil
process library exception handler crashed: /lib/tamamo/screen.lua:210: table index is nil
process library exception handler crashed: /lib/tamamo/screen.lua:210: table index is nil
process library exception handler crashed: /lib/tamamo/screen.lua:210: table index is nil
process library exception handler crashed: /lib/tamamo/screen.lua:210: table index is nil
process library exception handler crashed: /lib/tamamo/screen.lua:216: table index is nil
process library exception handler crashed: /lib/tamamo/screen.lua:216: table index is nil
process library exception handler crashed: /lib/tamamo/screen.lua:216: table index is nil
process library exception handler crashed: /lib/tamamo/screen.lua:216: table index is nil
process library exception handler crashed: /lib/tamamo/screen.lua:216: table index is nil
process library exception handler crashed: /lib/tamamo/screen.lua:216: table index is nil
process library exception handler crashed: /lib/tamamo/screen.lua:216: table index is nil
process library exception handler crashed: /system/lib/screen.lua:60: attempt to compare nil with number
[thread] /system/lib/screen.lua:511: attempt to get length of local 'symbol' (a number value)
[thread] /system/lib/screen.lua:511: attempt to get length of local 'symbol' (a number value)
[thread] /system/interface.lua:8: TEST
[thread] /system/lib/screen.lua:511: attempt to get length of local 'symbol' (a number value)
[thread] /system/lib/screen.lua:511: attempt to get length of local 'symbol' (a number value)
[thread] /system/lib/screen.lua:511: attempt to get length of local 'symbol' (a number value)
[thread] /system/lib/screen.lua:546: attempt to get length of local 'string' (a number value)
[thread] /system/lib/screen.lua:53: attempt to compare boolean with number
[thread] /system/lib/screen.lua:53: attempt to compare boolean with number
[thread] /system/lib/screen.lua:53: attempt to compare boolean with number
[thread] /system/lib/screen.lua:53: attempt to compare boolean with number
[thread] /system/lib/screen.lua:53: attempt to compare boolean with number
[thread] /system/lib/screen.lua:464: AH
[thread] /system/lib/screen.lua:464: AH118, 1
[thread] /system/lib/screen.lua:89: attempt to compare nil with number
[thread] /system/lib/screen.lua:86: attempt to compare nil with number
[thread] /system/lib/screen.lua:81: attempt to compare nil with number
[thread] bad argument #1 (string expected, got nil)
[thread] bad argument #1 (string expected, got nil)
[thread] bad argument #1 (string expected, got nil)
[thread] bad argument #1 (string expected, got nil)
[thread] bad argument #1 (string expected, got nil)
[thread] bad argument #1 (string expected, got nil)
[thread] bad argument #1 (string expected, got nil)
[thread] bad argument #1 (string expected, got nil)
[thread] bad argument #1 (string expected, got nil)
[thread] bad argument #1 (string expected, got nil)
[thread] bad argument #1 (string expected, got nil)
[thread] bad argument #1 (string expected, got nil)
[thread] bad argument #1 (string expected, got nil)
[thread] bad argument #1 (string expected, got nil)
[thread] bad argument #1 (string expected, got nil)
[thread] bad argument #1 (string expected, got nil)
[thread] bad argument #1 (string expected, got nil)
[thread] bad argument #1 (string expected, got nil)
[thread] bad argument #1 (string expected, got nil)
[thread] bad argument #1 (string expected, got nil)
[thread] bad argument #1 (string expected, got nil)
[thread] bad argument #1 (string expected, got nil)
[thread] bad argument #1 (string expected, got nil)
[thread] bad argument #1 (string expected, got nil)
[thread] bad argument #1 (string expected, got nil)
[thread] bad argument #1 (string expected, got nil)
[thread] bad argument #1 (string expected, got nil)
[thread] /system/interface.lua:14: attempt to call field 'fillRect' (a nil value)
[thread] /system/interface.lua:14: attempt to call field 'fillRect' (a nil value)
[thread] /system/interface.lua:14: attempt to call field 'fillRect' (a nil value)
[thread] /system/interface.lua:14: attempt to call field 'fillRect' (a nil value)
[thread] /system/interface.lua:14: attempt to call field 'fillRect' (a nil value)
[thread] /system/interface.lua:14: attempt to call field 'fillRect' (a nil value)
process library exception handler crashed: /system/lib/screen.lua:393: attempt to call global 'getRaw' (a nil value)
[thread] /system/interface.lua:14: attempt to call field 'fillRect' (a nil value)
[thread] /system/interface.lua:14: attempt to call field 'fillRect' (a nil value)
[thread] /system/interface.lua:14: attempt to call field 'fillRect' (a nil value)
[thread] /system/interface.lua:14: attempt to call field 'fillRect' (a nil value)
[thread] /system/interface.lua:14: attempt to call field 'fillRect' (a nil value)
[thread] /system/interface.lua:14: attempt to call field 'fillRect' (a nil value)
[thread] /system/interface.lua:14: attempt to call field 'fillRect' (a nil value)
[thread] /system/interface.lua:14: attempt to call field 'fillRect' (a nil value)
[thread] /system/interface.lua:14: attempt to call field 'fillRect' (a nil value)
[thread] /system/interface.lua:14: attempt to call field 'fillRect' (a nil value)
[thread] /system/interface.lua:14: attempt to call field 'fillRect' (a nil value)
[thread] /system/interface.lua:14: attempt to call field 'fillRect' (a nil value)
[thread] /system/interface.lua:14: attempt to call field 'fillRect' (a nil value)
[thread] /system/interface.lua:14: attempt to call field 'fillRect' (a nil value)
[thread] /system/interface.lua:14: attempt to call field 'fillRect' (a nil value)
[thread] /system/interface.lua:14: attempt to call field 'fillRect' (a nil value)
[thread] /system/interface.lua:14: attempt to call field 'fillRect' (a nil value)
[thread] /system/interface.lua:14: attempt to call field 'fillRect' (a nil value)
[thread] /system/interface.lua:14: attempt to call field 'fillRect' (a nil value)
[thread] /system/interface.lua:14: attempt to call field 'fillRect' (a nil value)
[thread] /system/interface.lua:14: attempt to call field 'fillRect' (a nil value)
[thread] /system/interface.lua:14: attempt to call field 'fillRect' (a nil value)
[thread] /system/interface.lua:14: attempt to call field 'fillRect' (a nil value)
[thread] /system/interface.lua:14: attempt to call field 'fillRect' (a nil value)
[thread] /system/interface.lua:14: attempt to call field 'fillRect' (a nil value)
[thread] /system/interface.lua:14: attempt to call field 'fillRect' (a nil value)
[thread] /system/interface.lua:14: attempt to call field 'fillRect' (a nil value)
[thread] /system/interface.lua:14: attempt to call field 'fillRect' (a nil value)
[thread] /system/interface.lua:14: attempt to call field 'fillRect' (a nil value)
[thread] /system/interface.lua:14: attempt to call field 'fillRect' (a nil value)
[thread] /home/test3.lua:15: attempt to index global 'event' (a nil value)
[thread] /home/test3.lua:16: attempt to index global 'event' (a nil value)
[thread] /home/test3.lua:16: attempt to index global 'event' (a nil value)
[thread] /home/test3.lua:15: attempt to index global 'event' (a nil value)
[thread] /home/test3.lua:8: bad argument #2 to 'error' (number expected, got string)
[thread] /home/test3.lua:8: key_up
[thread] /home/test3.lua:8: attempt to call global 'unpack' (a nil value)
[thread] /system/lib/gui.lua:152: attempt to compare number with nil
[thread] /system/lib/gui.lua:152: attempt to compare number with nil
[thread] /system/lib/gui.lua:152: attempt to compare number with nil
[thread] /system/lib/gui.lua:152: attempt to compare number with nil
[thread] /system/lib/gui.lua:152: attempt to compare number with nil
[thread] /system/lib/gui.lua:152: attempt to compare number with nil
[thread] /system/lib/gui.lua:152: attempt to compare number with nil
[thread] /system/lib/gui.lua:152: attempt to compare number with nil
[thread] /system/lib/gui.lua:152: attempt to compare number with nil
[thread] /system/lib/gui.lua:152: attempt to compare number with nil
[thread] /system/lib/gui.lua:152: attempt to compare number with nil
[thread] /system/lib/gui.lua:152: attempt to compare number with nil
[thread] /system/lib/gui.lua:139: attempt to index field 'thread' (a nil value)
[thread] /system/lib/gui.lua:151: attempt to compare number with nil
[thread] /system/lib/gui.lua:151: attempt to compare number with nil
[thread] /system/lib/gui.lua:151: attempt to compare number with nil
[thread] /system/lib/gui.lua:151: attempt to compare number with nil
[thread] /system/lib/gui.lua:151: attempt to compare number with nil
[thread] /system/lib/gui.lua:151: attempt to compare number with nil
[thread] /system/lib/gui.lua:154: attempt to compare number with nil
[thread] /system/lib/gui.lua:154: attempt to compare number with nil
[thread] /system/lib/gui.lua:154: attempt to compare number with nil
[thread] /system/lib/gui.lua:154: attempt to compare number with nil
[thread] /system/lib/gui.lua:154: attempt to compare number with nil
[thread] /system/lib/gui.lua:154: attempt to compare number with nil
[thread] /system/lib/gui.lua:154: attempt to compare number with nil
[thread] /system/lib/gui.lua:154: attempt to compare number with nil
[thread] /system/lib/gui.lua:154: attempt to compare number with nil
[thread] /system/lib/gui.lua:154: attempt to compare number with nil
[thread] /system/lib/gui.lua:154: attempt to compare number with nil
[thread] /system/lib/gui.lua:151: attempt to compare number with nil
[thread] /system/lib/gui.lua:151: attempt to compare number with nil
[thread] /system/lib/gui.lua:151: attempt to compare number with nil
[thread] /system/lib/gui.lua:151: attempt to compare number with nil
[thread] /system/lib/gui.lua:151: attempt to compare number with nil
[thread] /system/lib/gui.lua:125: bad argument #1 (number or nil expected, got table)
[thread] /system/lib/gui.lua:125: bad argument #1 (number or nil expected, got table)
[thread] /system/lib/gui.lua:125: bad argument #1 (number or nil expected, got table)
[thread] /system/lib/gui.lua:125: bad argument #1 (number or nil expected, got table)
[thread] /system/lib/gui.lua:125: bad argument #1 (number or nil expected, got table)
[thread] /system/lib/gui.lua:125: bad argument #1 (number or nil expected, got table)
[thread] /system/lib/gui.lua:125: bad argument #1 (number or nil expected, got table)
[thread] /system/lib/gui.lua:125: bad argument #1 (number or nil expected, got table)
[thread] /system/lib/gui.lua:125: bad argument #1 (number or nil expected, got table)
[thread] /system/lib/gui.lua:125: bad argument #1 (number or nil expected, got table)
[thread] /system/lib/gui.lua:125: bad argument #1 (number or nil expected, got table)
[thread] /system/lib/gui.lua:125: bad argument #1 (number or nil expected, got table)
[thread] /system/lib/gui.lua:125: bad argument #1 (number or nil expected, got table)
[thread] /system/lib/gui.lua:125: bad argument #1 (number or nil expected, got table)
[thread] /system/lib/gui.lua:166: attempt to compare two nil values
[thread] /system/lib/gui.lua:190: attempt to index local 'button' (a nil value)
[thread] /system/lib/gui.lua:190: attempt to index local 'button' (a nil value)
[thread] /system/lib/gui.lua:190: attempt to index local 'button' (a nil value)
[thread] /system/lib/gui.lua:190: attempt to index local 'button' (a nil value)
[thread] /system/lib/gui.lua:190: attempt to index local 'button' (a nil value)
[thread] /system/lib/gui.lua:190: attempt to index local 'button' (a nil value)
[thread] /system/lib/gui.lua:190: attempt to index local 'button' (a nil value)
[thread] /system/lib/gui.lua:162: attempt to index local 'button' (a nil value)
[thread] /system/lib/gui.lua:162: attempt to index local 'button' (a nil value)
[thread] /system/lib/gui.lua:167: attempt to index local 'button' (a nil value)
[thread] /system/lib/gui.lua:167: attempt to index local 'button' (a nil value)
[thread] /system/lib/gui.lua:167: attempt to index local 'button' (a nil value)
[thread] /system/lib/gui.lua:137: attempt to compare number with table
process library exception handler crashed: attempt to yield across a C-call boundary
[thread] /system/lib/gui.lua:705: attempt to index global 'indcator' (a nil value)
process library exception handler crashed: invalid palette index
process library exception handler crashed: invalid palette index
process library exception handler crashed: invalid palette index
process library exception handler crashed: invalid palette index
process library exception handler crashed: invalid palette index
process library exception handler crashed: invalid palette index
